# JRE version: OpenJDK Runtime Environment (11.0.12+7) (build 11.0.12+7-b1504.28-7817840)
# Java VM: OpenJDK 64-Bit Server VM (11.0.12+7-b1504.28-7817840, mixed mode, tiered, compressed oops, g1 gc, windows-amd64)
Heap:
 garbage-first heap   total 262144K, used 31337K [0x00000000a0000000, 0x0000000100000000)
  region size 1024K, 16 young (16384K), 4 survivors (4096K)
 Metaspace       used 28597K, capacity 29245K, committed 29440K, reserved 1075200K
  class space    used 3761K, capacity 3999K, committed 4096K, reserved 1048576K
GC Heap History (10 events):
Event: 1.485 GC heap before
{Heap before GC invocations=0 (full 0):
 garbage-first heap   total 262144K, used 29696K [0x00000000a0000000, 0x0000000100000000)
  region size 1024K, 24 young (24576K), 0 survivors (0K)
 Metaspace       used 10143K, capacity 10403K, committed 10624K, reserved 1058816K
  class space    used 1056K, capacity 1106K, committed 1152K, reserved 1048576K
}
Event: 1.532 GC heap after
{Heap after GC invocations=1 (full 0):
 garbage-first heap   total 262144K, used 9365K [0x00000000a0000000, 0x0000000100000000)
  region size 1024K, 3 young (3072K), 3 survivors (3072K)
 Metaspace       used 10143K, capacity 10403K, committed 10624K, reserved 1058816K
  class space    used 1056K, capacity 1106K, committed 1152K, reserved 1048576K
}
Event: 2.460 GC heap before
{Heap before GC invocations=1 (full 0):
 garbage-first heap   total 262144K, used 30869K [0x00000000a0000000, 0x0000000100000000)
  region size 1024K, 24 young (24576K), 3 survivors (3072K)
 Metaspace       used 11238K, capacity 11456K, committed 11520K, reserved 1058816K
  class space    used 1173K, capacity 1244K, committed 1280K, reserved 1048576K
}
Event: 2.463 GC heap after
{Heap after GC invocations=2 (full 0):
 garbage-first heap   total 262144K, used 10126K [0x00000000a0000000, 0x0000000100000000)
  region size 1024K, 1 young (1024K), 1 survivors (1024K)
 Metaspace       used 11238K, capacity 11456K, committed 11520K, reserved 1058816K
  class space    used 1173K, capacity 1244K, committed 1280K, reserved 1048576K
}
Event: 5.287 GC heap before
{Heap before GC invocations=2 (full 0):
 garbage-first heap   total 262144K, used 64398K [0x00000000a0000000, 0x0000000100000000)
  region size 1024K, 54 young (55296K), 1 survivors (1024K)
 Metaspace       used 17777K, capacity 18214K, committed 18432K, reserved 1064960K
  class space    used 2103K, capacity 2245K, committed 2304K, reserved 1048576K
}
Event: 5.293 GC heap after
{Heap after GC invocations=3 (full 0):
 garbage-first heap   total 262144K, used 16810K [0x00000000a0000000, 0x0000000100000000)
  region size 1024K, 7 young (7168K), 7 survivors (7168K)
 Metaspace       used 17777K, capacity 18214K, committed 18432K, reserved 1064960K
  class space    used 2103K, capacity 2245K, committed 2304K, reserved 1048576K
}
Event: 5.867 GC heap before
{Heap before GC invocations=3 (full 0):
 garbage-first heap   total 262144K, used 39338K [0x00000000a0000000, 0x0000000100000000)
  region size 1024K, 30 young (30720K), 7 survivors (7168K)
 Metaspace       used 20673K, capacity 21113K, committed 21296K, reserved 1069056K
  class space    used 2514K, capacity 2662K, committed 2688K, reserved 1048576K
}
Event: 5.876 GC heap after
{Heap after GC invocations=4 (full 0):
 garbage-first heap   total 262144K, used 17819K [0x00000000a0000000, 0x0000000100000000)
  region size 1024K, 1 young (1024K), 1 survivors (1024K)
 Metaspace       used 20673K, capacity 21113K, committed 21296K, reserved 1069056K
  class space    used 2514K, capacity 2662K, committed 2688K, reserved 1048576K
}
Event: 7.410 GC heap before
{Heap before GC invocations=5 (full 0):
 garbage-first heap   total 262144K, used 90523K [0x00000000a0000000, 0x0000000100000000)
  region size 1024K, 72 young (73728K), 1 survivors (1024K)
 Metaspace       used 27613K, capacity 28281K, committed 28544K, reserved 1073152K
  class space    used 3614K, capacity 3846K, committed 3968K, reserved 1048576K
}
Event: 7.415 GC heap after
{Heap after GC invocations=6 (full 0):
 garbage-first heap   total 262144K, used 20073K [0x00000000a0000000, 0x0000000100000000)
  region size 1024K, 4 young (4096K), 4 survivors (4096K)
 Metaspace       used 27613K, capacity 28281K, committed 28544K, reserved 1073152K
  class space    used 3614K, capacity 3846K, committed 3968K, reserved 1048576K
}

