# JRE version: OpenJDK Runtime Environment (11.0.12+7) (build 11.0.12+7-b1504.28-7817840)
# Java VM: OpenJDK 64-Bit Server VM (11.0.12+7-b1504.28-7817840, mixed mode, tiered, compressed oops, g1 gc, windows-amd64)
Heap:
 garbage-first heap   total 262144K, used 68587K [0x00000000a0000000, 0x0000000100000000)
  region size 1024K, 52 young (53248K), 1 survivors (1024K)
 Metaspace       used 26905K, capacity 27571K, committed 27904K, reserved 1073152K
  class space    used 3506K, capacity 3740K, committed 3840K, reserved 1048576K
GC Heap History (6 events):
Event: 1.035 GC heap before
{Heap before GC invocations=0 (full 0):
 garbage-first heap   total 262144K, used 29696K [0x00000000a0000000, 0x0000000100000000)
  region size 1024K, 24 young (24576K), 0 survivors (0K)
 Metaspace       used 10183K, capacity 10423K, committed 10624K, reserved 1058816K
  class space    used 1065K, capacity 1138K, committed 1152K, reserved 1048576K
}
Event: 1.041 GC heap after
{Heap after GC invocations=1 (full 0):
 garbage-first heap   total 262144K, used 9216K [0x00000000a0000000, 0x0000000100000000)
  region size 1024K, 3 young (3072K), 3 survivors (3072K)
 Metaspace       used 10183K, capacity 10423K, committed 10624K, reserved 1058816K
  class space    used 1065K, capacity 1138K, committed 1152K, reserved 1048576K
}
Event: 3.944 GC heap before
{Heap before GC invocations=1 (full 0):
 garbage-first heap   total 262144K, used 106496K [0x00000000a0000000, 0x0000000100000000)
  region size 1024K, 99 young (101376K), 3 survivors (3072K)
 Metaspace       used 20639K, capacity 21165K, committed 21296K, reserved 1069056K
  class space    used 2518K, capacity 2662K, committed 2688K, reserved 1048576K
}
Event: 3.958 GC heap after
{Heap after GC invocations=2 (full 0):
 garbage-first heap   total 262144K, used 17148K [0x00000000a0000000, 0x0000000100000000)
  region size 1024K, 11 young (11264K), 11 survivors (11264K)
 Metaspace       used 20639K, capacity 21165K, committed 21296K, reserved 1069056K
  class space    used 2518K, capacity 2662K, committed 2688K, reserved 1048576K
}
Event: 4.163 GC heap before
{Heap before GC invocations=3 (full 0):
 garbage-first heap   total 262144K, used 28412K [0x00000000a0000000, 0x0000000100000000)
  region size 1024K, 22 young (22528K), 11 survivors (11264K)
 Metaspace       used 21967K, capacity 22524K, committed 22908K, reserved 1069056K
  class space    used 2755K, capacity 2968K, committed 3072K, reserved 1048576K
}
Event: 4.171 GC heap after
{Heap after GC invocations=4 (full 0):
 garbage-first heap   total 262144K, used 17387K [0x00000000a0000000, 0x0000000100000000)
  region size 1024K, 1 young (1024K), 1 survivors (1024K)
 Metaspace       used 21967K, capacity 22524K, committed 22908K, reserved 1069056K
  class space    used 2755K, capacity 2968K, committed 3072K, reserved 1048576K
}

