# JRE version: OpenJDK Runtime Environment (11.0.12+7) (build 11.0.12+7-b1504.28-7817840)
# Java VM: OpenJDK 64-Bit Server VM (11.0.12+7-b1504.28-7817840, mixed mode, tiered, compressed oops, g1 gc, windows-amd64)
Heap:
 garbage-first heap   total 262144K, used 71957K [0x00000000a0000000, 0x0000000100000000)
  region size 1024K, 35 young (35840K), 14 survivors (14336K)
 Metaspace       used 60785K, capacity 62281K, committed 62376K, reserved 1103872K
  class space    used 7709K, capacity 8301K, committed 8320K, reserved 1048576K
GC Heap History (16 events):
Event: 1.244 GC heap before
{Heap before GC invocations=0 (full 0):
 garbage-first heap   total 262144K, used 29696K [0x00000000a0000000, 0x0000000100000000)
  region size 1024K, 24 young (24576K), 0 survivors (0K)
 Metaspace       used 10185K, capacity 10435K, committed 10624K, reserved 1058816K
  class space    used 1065K, capacity 1138K, committed 1152K, reserved 1048576K
}
Event: 1.257 GC heap after
{Heap after GC invocations=1 (full 0):
 garbage-first heap   total 262144K, used 9426K [0x00000000a0000000, 0x0000000100000000)
  region size 1024K, 3 young (3072K), 3 survivors (3072K)
 Metaspace       used 10185K, capacity 10435K, committed 10624K, reserved 1058816K
  class space    used 1065K, capacity 1138K, committed 1152K, reserved 1048576K
}
Event: 5.958 GC heap before
{Heap before GC invocations=1 (full 0):
 garbage-first heap   total 262144K, used 106706K [0x00000000a0000000, 0x0000000100000000)
  region size 1024K, 99 young (101376K), 3 survivors (3072K)
 Metaspace       used 20681K, capacity 21177K, committed 21296K, reserved 1069056K
  class space    used 2518K, capacity 2662K, committed 2688K, reserved 1048576K
}
Event: 5.974 GC heap after
{Heap after GC invocations=2 (full 0):
 garbage-first heap   total 262144K, used 17269K [0x00000000a0000000, 0x0000000100000000)
  region size 1024K, 11 young (11264K), 11 survivors (11264K)
 Metaspace       used 20681K, capacity 21177K, committed 21296K, reserved 1069056K
  class space    used 2518K, capacity 2662K, committed 2688K, reserved 1048576K
}
Event: 6.450 GC heap before
{Heap before GC invocations=3 (full 0):
 garbage-first heap   total 262144K, used 38773K [0x00000000a0000000, 0x0000000100000000)
  region size 1024K, 32 young (32768K), 11 survivors (11264K)
 Metaspace       used 22535K, capacity 23088K, committed 23164K, reserved 1069056K
  class space    used 2860K, capacity 3068K, committed 3072K, reserved 1048576K
}
Event: 6.458 GC heap after
{Heap after GC invocations=4 (full 0):
 garbage-first heap   total 262144K, used 18053K [0x00000000a0000000, 0x0000000100000000)
  region size 1024K, 2 young (2048K), 2 survivors (2048K)
 Metaspace       used 22535K, capacity 23088K, committed 23164K, reserved 1069056K
  class space    used 2860K, capacity 3068K, committed 3072K, reserved 1048576K
}
Event: 9.803 GC heap before
{Heap before GC invocations=4 (full 0):
 garbage-first heap   total 262144K, used 107141K [0x00000000a0000000, 0x0000000100000000)
  region size 1024K, 89 young (91136K), 2 survivors (2048K)
 Metaspace       used 32079K, capacity 32787K, committed 33024K, reserved 1077248K
  class space    used 4260K, capacity 4519K, committed 4608K, reserved 1048576K
}
Event: 9.808 GC heap after
{Heap after GC invocations=5 (full 0):
 garbage-first heap   total 262144K, used 21524K [0x00000000a0000000, 0x0000000100000000)
  region size 1024K, 5 young (5120K), 5 survivors (5120K)
 Metaspace       used 32079K, capacity 32787K, committed 33024K, reserved 1077248K
  class space    used 4260K, capacity 4519K, committed 4608K, reserved 1048576K
}
Event: 10.070 GC heap before
{Heap before GC invocations=5 (full 0):
 garbage-first heap   total 262144K, used 27668K [0x00000000a0000000, 0x0000000100000000)
  region size 1024K, 12 young (12288K), 5 survivors (5120K)
 Metaspace       used 35143K, capacity 35903K, committed 36048K, reserved 1081344K
  class space    used 4543K, capacity 4837K, committed 4864K, reserved 1048576K
}
Event: 10.084 GC heap after
{Heap after GC invocations=6 (full 0):
 garbage-first heap   total 262144K, used 22570K [0x00000000a0000000, 0x0000000100000000)
  region size 1024K, 6 young (6144K), 6 survivors (6144K)
 Metaspace       used 35143K, capacity 35903K, committed 36048K, reserved 1081344K
  class space    used 4543K, capacity 4837K, committed 4864K, reserved 1048576K
}
Event: 12.350 GC heap before
{Heap before GC invocations=7 (full 0):
 garbage-first heap   total 262144K, used 144426K [0x00000000a0000000, 0x0000000100000000)
  region size 1024K, 122 young (124928K), 6 survivors (6144K)
 Metaspace       used 44484K, capacity 45487K, committed 45724K, reserved 1089536K
  class space    used 5679K, capacity 6038K, committed 6144K, reserved 1048576K
}
Event: 12.364 GC heap after
{Heap after GC invocations=8 (full 0):
 garbage-first heap   total 262144K, used 29789K [0x00000000a0000000, 0x0000000100000000)
  region size 1024K, 13 young (13312K), 13 survivors (13312K)
 Metaspace       used 44484K, capacity 45487K, committed 45724K, reserved 1089536K
  class space    used 5679K, capacity 6038K, committed 6144K, reserved 1048576K
}
Event: 15.394 GC heap before
{Heap before GC invocations=8 (full 0):
 garbage-first heap   total 262144K, used 165981K [0x00000000a0000000, 0x0000000100000000)
  region size 1024K, 138 young (141312K), 13 survivors (13312K)
 Metaspace       used 51728K, capacity 53049K, committed 53404K, reserved 1095680K
  class space    used 6571K, capacity 7061K, committed 7168K, reserved 1048576K
}
Event: 15.411 GC heap after
{Heap after GC invocations=9 (full 0):
 garbage-first heap   total 262144K, used 48759K [0x00000000a0000000, 0x0000000100000000)
  region size 1024K, 18 young (18432K), 18 survivors (18432K)
 Metaspace       used 51728K, capacity 53049K, committed 53404K, reserved 1095680K
  class space    used 6571K, capacity 7061K, committed 7168K, reserved 1048576K
}
Event: 16.839 GC heap before
{Heap before GC invocations=9 (full 0):
 garbage-first heap   total 262144K, used 103031K [0x00000000a0000000, 0x0000000100000000)
  region size 1024K, 72 young (73728K), 18 survivors (18432K)
 Metaspace       used 59009K, capacity 60477K, committed 60636K, reserved 1101824K
  class space    used 7499K, capacity 8043K, committed 8064K, reserved 1048576K
}
Event: 16.871 GC heap after
{Heap after GC invocations=10 (full 0):
 garbage-first heap   total 262144K, used 52501K [0x00000000a0000000, 0x0000000100000000)
  region size 1024K, 14 young (14336K), 14 survivors (14336K)
 Metaspace       used 59009K, capacity 60477K, committed 60636K, reserved 1101824K
  class space    used 7499K, capacity 8043K, committed 8064K, reserved 1048576K
}

